2020-08-24 17:49:35,581 DEBUG [main] ResolutionCache:187 - Resolution chrome=84 in cache (valid until 18:05:58 24/08/2020 IST)
2020-08-24 17:49:35,590 DEBUG [main] ResolutionCache:187 - Resolution chrome84=84.0.4147.30 in cache (valid until 13:56:32 25/08/2020 IST)
2020-08-24 17:49:35,592  INFO [main] WebDriverManager:587 - Using chromedriver 84.0.4147.30 (resolved driver for Chrome 84)
2020-08-24 17:49:35,639 DEBUG [main] WebDriverManager:544 - Driver chromedriver 84.0.4147.30 found in cache
2020-08-24 17:49:35,642  INFO [main] WebDriverManager:639 - Exporting webdriver.chrome.driver as C:\Users\manis\.cache\selenium\chromedriver\win32\84.0.4147.30\chromedriver.exe
2020-08-24 17:49:44,031  INFO [main] Cucumber Project:30 - Application launched
2020-08-24 17:49:44,236  INFO [main] Cucumber Project:36 - Email textbox cleared
2020-08-24 17:52:17,436 DEBUG [main] ResolutionCache:187 - Resolution chrome=84 in cache (valid until 18:05:58 24/08/2020 IST)
2020-08-24 17:52:17,443 DEBUG [main] ResolutionCache:187 - Resolution chrome84=84.0.4147.30 in cache (valid until 13:56:32 25/08/2020 IST)
2020-08-24 17:52:17,446  INFO [main] WebDriverManager:587 - Using chromedriver 84.0.4147.30 (resolved driver for Chrome 84)
2020-08-24 17:52:17,533 DEBUG [main] WebDriverManager:544 - Driver chromedriver 84.0.4147.30 found in cache
2020-08-24 17:52:17,539  INFO [main] WebDriverManager:639 - Exporting webdriver.chrome.driver as C:\Users\manis\.cache\selenium\chromedriver\win32\84.0.4147.30\chromedriver.exe
2020-08-24 17:52:25,567  INFO [main] Cucumber Project:30 - Application launched
2020-08-24 17:52:25,774  INFO [main] Cucumber Project:36 - Email textbox cleared
2020-08-24 17:53:41,928 DEBUG [main] ResolutionCache:187 - Resolution chrome=84 in cache (valid until 18:05:58 24/08/2020 IST)
2020-08-24 17:53:41,942 DEBUG [main] ResolutionCache:187 - Resolution chrome84=84.0.4147.30 in cache (valid until 13:56:32 25/08/2020 IST)
2020-08-24 17:53:41,943  INFO [main] WebDriverManager:587 - Using chromedriver 84.0.4147.30 (resolved driver for Chrome 84)
2020-08-24 17:53:41,985 DEBUG [main] WebDriverManager:544 - Driver chromedriver 84.0.4147.30 found in cache
2020-08-24 17:53:41,988  INFO [main] WebDriverManager:639 - Exporting webdriver.chrome.driver as C:\Users\manis\.cache\selenium\chromedriver\win32\84.0.4147.30\chromedriver.exe
2020-08-24 17:53:50,173  INFO [main] Cucumber Project:36 - Application launched
2020-08-24 17:53:50,406  INFO [main] Cucumber Project:42 - Email textbox cleared
2020-08-25 12:27:30,417 DEBUG [main] ResolutionCache:187 - Resolution chrome=84 in cache (valid until 12:48:44 25/08/2020 IST)
2020-08-25 12:27:30,429 DEBUG [main] ResolutionCache:187 - Resolution chrome84=84.0.4147.30 in cache (valid until 13:56:32 25/08/2020 IST)
2020-08-25 12:27:30,432  INFO [main] WebDriverManager:587 - Using chromedriver 84.0.4147.30 (resolved driver for Chrome 84)
2020-08-25 12:27:30,471 DEBUG [main] WebDriverManager:544 - Driver chromedriver 84.0.4147.30 found in cache
2020-08-25 12:27:30,475  INFO [main] WebDriverManager:639 - Exporting webdriver.chrome.driver as C:\Users\manis\.cache\selenium\chromedriver\win32\84.0.4147.30\chromedriver.exe
2020-08-25 12:27:39,018  INFO [main] Cucumber Project:36 - Application launched
2020-08-25 12:27:39,222  INFO [main] Cucumber Project:42 - Email textbox cleared
2020-08-25 12:28:58,638 DEBUG [main] ResolutionCache:187 - Resolution chrome=84 in cache (valid until 12:48:44 25/08/2020 IST)
2020-08-25 12:28:58,646 DEBUG [main] ResolutionCache:187 - Resolution chrome84=84.0.4147.30 in cache (valid until 13:56:32 25/08/2020 IST)
2020-08-25 12:28:58,648  INFO [main] WebDriverManager:587 - Using chromedriver 84.0.4147.30 (resolved driver for Chrome 84)
2020-08-25 12:28:58,703 DEBUG [main] WebDriverManager:544 - Driver chromedriver 84.0.4147.30 found in cache
2020-08-25 12:28:58,707  INFO [main] WebDriverManager:639 - Exporting webdriver.chrome.driver as C:\Users\manis\.cache\selenium\chromedriver\win32\84.0.4147.30\chromedriver.exe
2020-08-25 12:29:07,359  INFO [main] Cucumber Project:36 - Application launched
2020-08-25 12:29:07,587  INFO [main] Cucumber Project:42 - Email textbox cleared
2020-08-25 12:43:05,407 DEBUG [main] ResolutionCache:187 - Resolution chrome=84 in cache (valid until 12:48:44 25/08/2020 IST)
2020-08-25 12:43:05,417 DEBUG [main] ResolutionCache:187 - Resolution chrome84=84.0.4147.30 in cache (valid until 13:56:32 25/08/2020 IST)
2020-08-25 12:43:05,419  INFO [main] WebDriverManager:587 - Using chromedriver 84.0.4147.30 (resolved driver for Chrome 84)
2020-08-25 12:43:05,469 DEBUG [main] WebDriverManager:544 - Driver chromedriver 84.0.4147.30 found in cache
2020-08-25 12:43:05,472  INFO [main] WebDriverManager:639 - Exporting webdriver.chrome.driver as C:\Users\manis\.cache\selenium\chromedriver\win32\84.0.4147.30\chromedriver.exe
2020-08-25 12:43:14,704  INFO [main] Cucumber Project:36 - Application launched
2020-08-25 12:43:14,910  INFO [main] Cucumber Project:42 - Email textbox cleared
2020-08-25 12:50:49,496 DEBUG [main] ResolutionCache:162 - Removing resolution chrome=84 from cache (expired on Tue Aug 25 12:48:44 IST 2020)
2020-08-25 12:50:49,525 DEBUG [main] Shell:54 - Running command on the shell: [wmic.exe, datafile, where, name='C:\\Program Files (x86)\\Google\\Chrome\\Application\\chrome.exe', get, Version, /value]
2020-08-25 12:50:50,055 DEBUG [main] Shell:56 - Result: Version=84.0.4147.135
2020-08-25 12:50:50,059 DEBUG [main] ResolutionCache:187 - Resolution chrome84=84.0.4147.30 in cache (valid until 13:56:32 25/08/2020 IST)
2020-08-25 12:50:50,060  INFO [main] WebDriverManager:587 - Using chromedriver 84.0.4147.30 (resolved driver for Chrome 84)
2020-08-25 12:50:50,067 DEBUG [main] ResolutionCache:126 - Storing resolution chrome=84 in cache (valid until 13:50:50 25/08/2020 IST)
2020-08-25 12:50:50,114 DEBUG [main] WebDriverManager:544 - Driver chromedriver 84.0.4147.30 found in cache
2020-08-25 12:50:50,117  INFO [main] WebDriverManager:639 - Exporting webdriver.chrome.driver as C:\Users\manis\.cache\selenium\chromedriver\win32\84.0.4147.30\chromedriver.exe
2020-08-25 12:50:58,741  INFO [main] Cucumber Project:36 - Application launched
2020-08-25 12:50:58,902  INFO [main] Cucumber Project:42 - Email textbox cleared
2020-08-25 12:52:04,475 DEBUG [main] ResolutionCache:187 - Resolution chrome=84 in cache (valid until 13:50:50 25/08/2020 IST)
2020-08-25 12:52:04,484 DEBUG [main] ResolutionCache:187 - Resolution chrome84=84.0.4147.30 in cache (valid until 13:56:32 25/08/2020 IST)
2020-08-25 12:52:04,486  INFO [main] WebDriverManager:587 - Using chromedriver 84.0.4147.30 (resolved driver for Chrome 84)
2020-08-25 12:52:04,556 DEBUG [main] WebDriverManager:544 - Driver chromedriver 84.0.4147.30 found in cache
2020-08-25 12:52:04,566  INFO [main] WebDriverManager:639 - Exporting webdriver.chrome.driver as C:\Users\manis\.cache\selenium\chromedriver\win32\84.0.4147.30\chromedriver.exe
2020-08-25 12:52:12,009  INFO [main] Cucumber Project:36 - Application launched
2020-08-25 12:52:12,196  INFO [main] Cucumber Project:42 - Email textbox cleared
2020-08-25 12:58:03,887 DEBUG [main] ResolutionCache:187 - Resolution chrome=84 in cache (valid until 13:50:50 25/08/2020 IST)
2020-08-25 12:58:03,893 DEBUG [main] ResolutionCache:187 - Resolution chrome84=84.0.4147.30 in cache (valid until 13:56:32 25/08/2020 IST)
2020-08-25 12:58:03,895  INFO [main] WebDriverManager:587 - Using chromedriver 84.0.4147.30 (resolved driver for Chrome 84)
2020-08-25 12:58:03,928 DEBUG [main] WebDriverManager:544 - Driver chromedriver 84.0.4147.30 found in cache
2020-08-25 12:58:03,931  INFO [main] WebDriverManager:639 - Exporting webdriver.chrome.driver as C:\Users\manis\.cache\selenium\chromedriver\win32\84.0.4147.30\chromedriver.exe
2020-08-25 12:58:12,144  INFO [main] Cucumber Project:36 - Application launched
2020-08-25 12:58:12,328  INFO [main] Cucumber Project:42 - Email textbox cleared
2020-08-25 13:00:36,454 DEBUG [main] ResolutionCache:187 - Resolution chrome=84 in cache (valid until 13:50:50 25/08/2020 IST)
2020-08-25 13:00:36,461 DEBUG [main] ResolutionCache:187 - Resolution chrome84=84.0.4147.30 in cache (valid until 13:56:32 25/08/2020 IST)
2020-08-25 13:00:36,463  INFO [main] WebDriverManager:587 - Using chromedriver 84.0.4147.30 (resolved driver for Chrome 84)
2020-08-25 13:00:36,524 DEBUG [main] WebDriverManager:544 - Driver chromedriver 84.0.4147.30 found in cache
2020-08-25 13:00:36,532  INFO [main] WebDriverManager:639 - Exporting webdriver.chrome.driver as C:\Users\manis\.cache\selenium\chromedriver\win32\84.0.4147.30\chromedriver.exe
2020-08-25 13:00:45,030  INFO [main] Cucumber Project:36 - Application launched
2020-08-25 13:00:45,201  INFO [main] Cucumber Project:42 - Email textbox cleared
2020-08-25 13:05:03,356 DEBUG [main] ResolutionCache:187 - Resolution chrome=84 in cache (valid until 13:50:50 25/08/2020 IST)
2020-08-25 13:05:03,365 DEBUG [main] ResolutionCache:187 - Resolution chrome84=84.0.4147.30 in cache (valid until 13:56:32 25/08/2020 IST)
2020-08-25 13:05:03,367  INFO [main] WebDriverManager:587 - Using chromedriver 84.0.4147.30 (resolved driver for Chrome 84)
2020-08-25 13:05:03,397 DEBUG [main] WebDriverManager:544 - Driver chromedriver 84.0.4147.30 found in cache
2020-08-25 13:05:03,399  INFO [main] WebDriverManager:639 - Exporting webdriver.chrome.driver as C:\Users\manis\.cache\selenium\chromedriver\win32\84.0.4147.30\chromedriver.exe
2020-08-25 13:05:11,608  INFO [main] Cucumber Project:36 - Application launched
2020-08-25 13:05:11,795  INFO [main] Cucumber Project:42 - Email textbox cleared
2020-08-26 11:39:23,941 DEBUG [main] ResolutionCache:162 - Removing resolution chrome=84 from cache (expired on Tue Aug 25 21:47:07 IST 2020)
2020-08-26 11:39:23,955 DEBUG [main] Shell:54 - Running command on the shell: [wmic.exe, datafile, where, name='C:\\Program Files (x86)\\Google\\Chrome\\Application\\chrome.exe', get, Version, /value]
2020-08-26 11:39:24,368 DEBUG [main] Shell:56 - Result: Version=84.0.4147.135
2020-08-26 11:39:24,375 DEBUG [main] ResolutionCache:187 - Resolution chrome84=84.0.4147.30 in cache (valid until 14:06:45 26/08/2020 IST)
2020-08-26 11:39:24,376  INFO [main] WebDriverManager:587 - Using chromedriver 84.0.4147.30 (resolved driver for Chrome 84)
2020-08-26 11:39:24,382 DEBUG [main] ResolutionCache:126 - Storing resolution chrome=84 in cache (valid until 12:39:24 26/08/2020 IST)
2020-08-26 11:39:24,416 DEBUG [main] WebDriverManager:544 - Driver chromedriver 84.0.4147.30 found in cache
2020-08-26 11:39:24,417  INFO [main] WebDriverManager:639 - Exporting webdriver.chrome.driver as C:\Users\manis\.cache\selenium\chromedriver\win32\84.0.4147.30\chromedriver.exe
2020-08-26 11:39:33,998  INFO [main] Cucumber Project:37 - Application launched
2020-08-26 11:39:34,008  INFO [main] Cucumber Project:42 - Email textbox cleared and entered
2020-08-26 12:10:13,925 DEBUG [main] ResolutionCache:187 - Resolution chrome=84 in cache (valid until 12:39:24 26/08/2020 IST)
2020-08-26 12:10:13,934 DEBUG [main] ResolutionCache:187 - Resolution chrome84=84.0.4147.30 in cache (valid until 14:06:45 26/08/2020 IST)
2020-08-26 12:10:13,937  INFO [main] WebDriverManager:587 - Using chromedriver 84.0.4147.30 (resolved driver for Chrome 84)
2020-08-26 12:10:13,974 DEBUG [main] WebDriverManager:544 - Driver chromedriver 84.0.4147.30 found in cache
2020-08-26 12:10:13,987  INFO [main] WebDriverManager:639 - Exporting webdriver.chrome.driver as C:\Users\manis\.cache\selenium\chromedriver\win32\84.0.4147.30\chromedriver.exe
2020-08-26 12:10:22,812  INFO [main] Cucumber Project:37 - Application launched
2020-08-26 12:10:22,823  INFO [main] Cucumber Project:42 - Email textbox cleared and entered
2020-08-26 12:12:53,907 DEBUG [main] ResolutionCache:187 - Resolution chrome=84 in cache (valid until 12:39:24 26/08/2020 IST)
2020-08-26 12:12:53,917 DEBUG [main] ResolutionCache:187 - Resolution chrome84=84.0.4147.30 in cache (valid until 14:06:45 26/08/2020 IST)
2020-08-26 12:12:53,919  INFO [main] WebDriverManager:587 - Using chromedriver 84.0.4147.30 (resolved driver for Chrome 84)
2020-08-26 12:12:53,958 DEBUG [main] WebDriverManager:544 - Driver chromedriver 84.0.4147.30 found in cache
2020-08-26 12:12:53,961  INFO [main] WebDriverManager:639 - Exporting webdriver.chrome.driver as C:\Users\manis\.cache\selenium\chromedriver\win32\84.0.4147.30\chromedriver.exe
2020-08-26 12:13:02,318  INFO [main] Cucumber Project:33 - Application launched
2020-08-26 12:13:02,323  INFO [main] Cucumber Project:38 - Email textbox cleared and entered
2020-08-26 13:20:14,239 DEBUG [main] ResolutionCache:162 - Removing resolution chrome=84 from cache (expired on Wed Aug 26 12:39:24 IST 2020)
2020-08-26 13:20:14,264 DEBUG [main] Shell:54 - Running command on the shell: [wmic.exe, datafile, where, name='C:\\Program Files (x86)\\Google\\Chrome\\Application\\chrome.exe', get, Version, /value]
2020-08-26 13:20:14,696 DEBUG [main] Shell:56 - Result: Version=84.0.4147.135
2020-08-26 13:20:14,700 DEBUG [main] ResolutionCache:187 - Resolution chrome84=84.0.4147.30 in cache (valid until 14:06:45 26/08/2020 IST)
2020-08-26 13:20:14,701  INFO [main] WebDriverManager:587 - Using chromedriver 84.0.4147.30 (resolved driver for Chrome 84)
2020-08-26 13:20:14,708 DEBUG [main] ResolutionCache:126 - Storing resolution chrome=84 in cache (valid until 14:20:14 26/08/2020 IST)
2020-08-26 13:20:14,735 DEBUG [main] WebDriverManager:544 - Driver chromedriver 84.0.4147.30 found in cache
2020-08-26 13:20:14,738  INFO [main] WebDriverManager:639 - Exporting webdriver.chrome.driver as C:\Users\manis\.cache\selenium\chromedriver\win32\84.0.4147.30\chromedriver.exe
2020-08-26 13:20:23,518  INFO [main] Cucumber Project:33 - Application launched
2020-08-26 13:20:23,523  INFO [main] Cucumber Project:38 - Email textbox cleared and entered
2020-08-26 13:57:24,132 DEBUG [main] ResolutionCache:187 - Resolution chrome=84 in cache (valid until 14:20:14 26/08/2020 IST)
2020-08-26 13:57:24,139 DEBUG [main] ResolutionCache:187 - Resolution chrome84=84.0.4147.30 in cache (valid until 14:06:45 26/08/2020 IST)
2020-08-26 13:57:24,141  INFO [main] WebDriverManager:587 - Using chromedriver 84.0.4147.30 (resolved driver for Chrome 84)
2020-08-26 13:57:24,183 DEBUG [main] WebDriverManager:544 - Driver chromedriver 84.0.4147.30 found in cache
2020-08-26 13:57:24,186  INFO [main] WebDriverManager:639 - Exporting webdriver.chrome.driver as C:\Users\manis\.cache\selenium\chromedriver\win32\84.0.4147.30\chromedriver.exe
2020-08-26 13:57:33,558  INFO [main] Cucumber Project:34 - Application launched
2020-08-26 13:57:33,566  INFO [main] Cucumber Project:39 - Email textbox cleared and entered
2020-08-26 14:24:36,203 DEBUG [main] ResolutionCache:162 - Removing resolution chrome=84 from cache (expired on Wed Aug 26 14:20:14 IST 2020)
2020-08-26 14:24:36,249 DEBUG [main] Shell:54 - Running command on the shell: [wmic.exe, datafile, where, name='C:\\Program Files (x86)\\Google\\Chrome\\Application\\chrome.exe', get, Version, /value]
2020-08-26 14:24:36,642 DEBUG [main] Shell:56 - Result: Version=84.0.4147.135
2020-08-26 14:24:36,646 DEBUG [main] ResolutionCache:162 - Removing resolution chrome84=84.0.4147.30 from cache (expired on Wed Aug 26 14:06:45 IST 2020)
2020-08-26 14:24:36,677 DEBUG [main] InternalHttpClient:172 - ex-00000001: preparing request execution
2020-08-26 14:24:36,690 DEBUG [main] RequestAddCookies:114 - Cookie spec selected: strict
2020-08-26 14:24:36,710 DEBUG [main] RequestAuthCache:76 - Auth cache not set in the context
2020-08-26 14:24:36,711 DEBUG [main] ProtocolExec:158 - ex-00000001: target auth state: UNCHALLENGED
2020-08-26 14:24:36,720 DEBUG [main] ProtocolExec:164 - ex-00000001: proxy auth state: UNCHALLENGED
2020-08-26 14:24:36,727 DEBUG [main] ConnectExec:116 - ex-00000001: acquiring connection with route {s}->https://chromedriver.storage.googleapis.com:443
2020-08-26 14:24:36,730 DEBUG [main] InternalHttpClient:101 - ex-00000001: acquiring endpoint (3 MINUTES)
2020-08-26 14:24:36,739 DEBUG [main] PoolingHttpClientConnectionManager:261 - ex-00000001: endpoint lease request (3 MINUTES) [route: {s}->https://chromedriver.storage.googleapis.com:443][total available: 0; route allocated: 0 of 5; total allocated: 0 of 25]
2020-08-26 14:24:36,752 DEBUG [main] PoolingHttpClientConnectionManager:287 - ex-00000001: endpoint leased [route: {s}->https://chromedriver.storage.googleapis.com:443][total available: 0; route allocated: 1 of 5; total allocated: 1 of 25]
2020-08-26 14:24:36,783 DEBUG [main] PoolingHttpClientConnectionManager:322 - ex-00000001: acquired ep-00000000
2020-08-26 14:24:36,784 DEBUG [main] InternalHttpClient:120 - ex-00000001: acquired endpoint ep-00000000
2020-08-26 14:24:36,785 DEBUG [main] ConnectExec:123 - ex-00000001: opening connection {s}->https://chromedriver.storage.googleapis.com:443
2020-08-26 14:24:36,792 DEBUG [main] InternalHttpClient:162 - ep-00000000: connecting endpoint (30 SECONDS)
2020-08-26 14:24:36,794 DEBUG [main] PoolingHttpClientConnectionManager:410 - ep-00000000: connecting endpoint to https://chromedriver.storage.googleapis.com:443 (30 SECONDS)
2020-08-26 14:24:37,003 DEBUG [main] DefaultHttpClientConnectionOperator:145 - http-outgoing-0: connecting to chromedriver.storage.googleapis.com/172.217.166.112:443
2020-08-26 14:24:37,005 DEBUG [main] SSLConnectionSocketFactory:214 - Connecting socket to chromedriver.storage.googleapis.com/172.217.166.112:443 with timeout 30 SECONDS
2020-08-26 14:24:37,180 DEBUG [main] SSLConnectionSocketFactory:270 - Enabled protocols: [TLSv1.3, TLSv1.2]
2020-08-26 14:24:37,182 DEBUG [main] SSLConnectionSocketFactory:271 - Enabled cipher suites:[TLS_AES_256_GCM_SHA384, TLS_AES_128_GCM_SHA256, TLS_CHACHA20_POLY1305_SHA256, TLS_ECDHE_ECDSA_WITH_AES_256_GCM_SHA384, TLS_ECDHE_ECDSA_WITH_AES_128_GCM_SHA256, TLS_ECDHE_ECDSA_WITH_CHACHA20_POLY1305_SHA256, TLS_ECDHE_RSA_WITH_AES_256_GCM_SHA384, TLS_ECDHE_RSA_WITH_CHACHA20_POLY1305_SHA256, TLS_ECDHE_RSA_WITH_AES_128_GCM_SHA256, TLS_DHE_RSA_WITH_AES_256_GCM_SHA384, TLS_DHE_RSA_WITH_CHACHA20_POLY1305_SHA256, TLS_DHE_DSS_WITH_AES_256_GCM_SHA384, TLS_DHE_RSA_WITH_AES_128_GCM_SHA256, TLS_DHE_DSS_WITH_AES_128_GCM_SHA256, TLS_ECDHE_ECDSA_WITH_AES_256_CBC_SHA384, TLS_ECDHE_RSA_WITH_AES_256_CBC_SHA384, TLS_ECDHE_ECDSA_WITH_AES_128_CBC_SHA256, TLS_ECDHE_RSA_WITH_AES_128_CBC_SHA256, TLS_DHE_RSA_WITH_AES_256_CBC_SHA256, TLS_DHE_DSS_WITH_AES_256_CBC_SHA256, TLS_DHE_RSA_WITH_AES_128_CBC_SHA256, TLS_DHE_DSS_WITH_AES_128_CBC_SHA256, TLS_ECDH_ECDSA_WITH_AES_256_GCM_SHA384, TLS_ECDH_RSA_WITH_AES_256_GCM_SHA384, TLS_ECDH_ECDSA_WITH_AES_128_GCM_SHA256, TLS_ECDH_RSA_WITH_AES_128_GCM_SHA256, TLS_ECDH_ECDSA_WITH_AES_256_CBC_SHA384, TLS_ECDH_RSA_WITH_AES_256_CBC_SHA384, TLS_ECDH_ECDSA_WITH_AES_128_CBC_SHA256, TLS_ECDH_RSA_WITH_AES_128_CBC_SHA256, TLS_ECDHE_ECDSA_WITH_AES_256_CBC_SHA, TLS_ECDHE_RSA_WITH_AES_256_CBC_SHA, TLS_ECDHE_ECDSA_WITH_AES_128_CBC_SHA, TLS_ECDHE_RSA_WITH_AES_128_CBC_SHA, TLS_DHE_RSA_WITH_AES_256_CBC_SHA, TLS_DHE_DSS_WITH_AES_256_CBC_SHA, TLS_DHE_RSA_WITH_AES_128_CBC_SHA, TLS_DHE_DSS_WITH_AES_128_CBC_SHA, TLS_ECDH_ECDSA_WITH_AES_256_CBC_SHA, TLS_ECDH_RSA_WITH_AES_256_CBC_SHA, TLS_ECDH_ECDSA_WITH_AES_128_CBC_SHA, TLS_ECDH_RSA_WITH_AES_128_CBC_SHA, TLS_RSA_WITH_AES_256_GCM_SHA384, TLS_RSA_WITH_AES_128_GCM_SHA256, TLS_RSA_WITH_AES_256_CBC_SHA256, TLS_RSA_WITH_AES_128_CBC_SHA256, TLS_RSA_WITH_AES_256_CBC_SHA, TLS_RSA_WITH_AES_128_CBC_SHA, TLS_EMPTY_RENEGOTIATION_INFO_SCSV]
2020-08-26 14:24:37,185 DEBUG [main] SSLConnectionSocketFactory:275 - Starting handshake
2020-08-26 14:24:37,492 DEBUG [main] SSLConnectionSocketFactory:58 - Secure session established
2020-08-26 14:24:37,492 DEBUG [main] SSLConnectionSocketFactory:59 -  negotiated protocol: TLSv1.3
2020-08-26 14:24:37,493 DEBUG [main] SSLConnectionSocketFactory:60 -  negotiated cipher suite: TLS_AES_256_GCM_SHA384
2020-08-26 14:24:37,498 DEBUG [main] SSLConnectionSocketFactory:70 -  peer principal: CN=*.storage.googleapis.com, O=Google LLC, L=Mountain View, ST=California, C=US
2020-08-26 14:24:37,499 DEBUG [main] SSLConnectionSocketFactory:79 -  peer alternative names: [*.storage.googleapis.com, *.appspot.com.storage.googleapis.com, *.commondatastorage.googleapis.com, *.content-storage-download.googleapis.com, *.content-storage-upload.googleapis.com, *.content-storage.googleapis.com, *.googleapis.com, *.storage-download.googleapis.com, *.storage-upload.googleapis.com, commondatastorage.googleapis.com, storage.googleapis.com, unfiltered.news]
2020-08-26 14:24:37,501 DEBUG [main] SSLConnectionSocketFactory:83 -  issuer principal: CN=GTS CA 1O1, O=Google Trust Services, C=US
2020-08-26 14:24:37,505 DEBUG [main] DefaultHttpClientConnectionOperator:151 - http-outgoing-0: connection established 192.168.0.104:50346<->172.217.166.112:443
2020-08-26 14:24:37,506 DEBUG [main] PoolingHttpClientConnectionManager:421 - ep-00000000: connected http-outgoing-0
2020-08-26 14:24:37,507 DEBUG [main] InternalHttpClient:166 - ep-00000000: endpoint connected
2020-08-26 14:24:37,510 DEBUG [main] MainClientExec:102 - ex-00000001: executing GET /LATEST_RELEASE_84 HTTP/1.1
2020-08-26 14:24:37,512 DEBUG [main] InternalHttpClient:218 - ep-00000000: start execution ex-00000001
2020-08-26 14:24:37,513 DEBUG [main] PoolingHttpClientConnectionManager:598 - ep-00000000: executing exchange ex-00000001 over http-outgoing-0
2020-08-26 14:24:37,515 DEBUG [main] headers:169 - http-outgoing-0 >> GET /LATEST_RELEASE_84 HTTP/1.1
2020-08-26 14:24:37,516 DEBUG [main] headers:172 - http-outgoing-0 >> user-agent: Apache-HttpClient/5.0
2020-08-26 14:24:37,517 DEBUG [main] headers:172 - http-outgoing-0 >> accept-encoding: gzip, deflate, br
2020-08-26 14:24:37,517 DEBUG [main] headers:172 - http-outgoing-0 >> cache-control: max-age=0
2020-08-26 14:24:37,518 DEBUG [main] headers:172 - http-outgoing-0 >> Host: chromedriver.storage.googleapis.com
2020-08-26 14:24:37,519 DEBUG [main] headers:172 - http-outgoing-0 >> Connection: keep-alive
2020-08-26 14:24:37,520 DEBUG [main] wire:92 - http-outgoing-0 >> "GET /LATEST_RELEASE_84 HTTP/1.1[\r][\n]"
2020-08-26 14:24:37,521 DEBUG [main] wire:92 - http-outgoing-0 >> "user-agent: Apache-HttpClient/5.0[\r][\n]"
2020-08-26 14:24:37,522 DEBUG [main] wire:92 - http-outgoing-0 >> "accept-encoding: gzip, deflate, br[\r][\n]"
2020-08-26 14:24:37,522 DEBUG [main] wire:92 - http-outgoing-0 >> "cache-control: max-age=0[\r][\n]"
2020-08-26 14:24:37,523 DEBUG [main] wire:92 - http-outgoing-0 >> "Host: chromedriver.storage.googleapis.com[\r][\n]"
2020-08-26 14:24:37,524 DEBUG [main] wire:92 - http-outgoing-0 >> "Connection: keep-alive[\r][\n]"
2020-08-26 14:24:37,525 DEBUG [main] wire:92 - http-outgoing-0 >> "[\r][\n]"
2020-08-26 14:24:37,542 DEBUG [main] wire:92 - http-outgoing-0 << "HTTP/1.1 200 OK[\r][\n]"
2020-08-26 14:24:37,543 DEBUG [main] wire:92 - http-outgoing-0 << "X-GUploader-UploadID: ABg5-Uy08X_Ke6hjBZDLJJ41CkxWGQHKi2W6ygSmvp5Pu4PWtQmh6n-Djypvgt-YWxTJdVdx6mBWhkZBxpgtrgP-cPttKmKY_A[\r][\n]"
2020-08-26 14:24:37,544 DEBUG [main] wire:92 - http-outgoing-0 << "Expires: Wed, 26 Aug 2020 08:55:40 GMT[\r][\n]"
2020-08-26 14:24:37,545 DEBUG [main] wire:92 - http-outgoing-0 << "Date: Wed, 26 Aug 2020 07:55:40 GMT[\r][\n]"
2020-08-26 14:24:37,545 DEBUG [main] wire:92 - http-outgoing-0 << "Last-Modified: Thu, 28 May 2020 21:05:14 GMT[\r][\n]"
2020-08-26 14:24:37,548 DEBUG [main] wire:92 - http-outgoing-0 << "ETag: "f90fc89bccbabdd8582026a34268cdaf"[\r][\n]"
2020-08-26 14:24:37,550 DEBUG [main] wire:92 - http-outgoing-0 << "x-goog-generation: 1590699914269125[\r][\n]"
2020-08-26 14:24:37,550 DEBUG [main] wire:92 - http-outgoing-0 << "x-goog-metageneration: 1[\r][\n]"
2020-08-26 14:24:37,553 DEBUG [main] wire:92 - http-outgoing-0 << "x-goog-stored-content-encoding: identity[\r][\n]"
2020-08-26 14:24:37,555 DEBUG [main] wire:92 - http-outgoing-0 << "x-goog-stored-content-length: 12[\r][\n]"
2020-08-26 14:24:37,556 DEBUG [main] wire:92 - http-outgoing-0 << "Content-Type: text/plain[\r][\n]"
2020-08-26 14:24:37,556 DEBUG [main] wire:92 - http-outgoing-0 << "x-goog-hash: crc32c=BKzR+w==[\r][\n]"
2020-08-26 14:24:37,557 DEBUG [main] wire:92 - http-outgoing-0 << "x-goog-hash: md5=+Q/Im8y6vdhYICajQmjNrw==[\r][\n]"
2020-08-26 14:24:37,558 DEBUG [main] wire:92 - http-outgoing-0 << "x-goog-storage-class: STANDARD[\r][\n]"
2020-08-26 14:24:37,559 DEBUG [main] wire:92 - http-outgoing-0 << "Accept-Ranges: bytes[\r][\n]"
2020-08-26 14:24:37,560 DEBUG [main] wire:92 - http-outgoing-0 << "Content-Length: 12[\r][\n]"
2020-08-26 14:24:37,561 DEBUG [main] wire:92 - http-outgoing-0 << "Server: UploadServer[\r][\n]"
2020-08-26 14:24:37,562 DEBUG [main] wire:92 - http-outgoing-0 << "Cache-Control: public, max-age=3600[\r][\n]"
2020-08-26 14:24:37,563 DEBUG [main] wire:92 - http-outgoing-0 << "Age: 3537[\r][\n]"
2020-08-26 14:24:37,564 DEBUG [main] wire:92 - http-outgoing-0 << "Alt-Svc: h3-29=":443"; ma=2592000,h3-27=":443"; ma=2592000,h3-T050=":443"; ma=2592000,h3-Q050=":443"; ma=2592000,h3-Q046=":443"; ma=2592000,h3-Q043=":443"; ma=2592000,quic=":443"; ma=2592000; v="46,43"[\r][\n]"
2020-08-26 14:24:37,565 DEBUG [main] wire:92 - http-outgoing-0 << "[\r][\n]"
2020-08-26 14:24:37,566 DEBUG [main] wire:106 - http-outgoing-0 << "84.0.4147.30"
2020-08-26 14:24:37,574 DEBUG [main] headers:158 - http-outgoing-0 << HTTP/1.1 200 OK
2020-08-26 14:24:37,575 DEBUG [main] headers:161 - http-outgoing-0 << X-GUploader-UploadID: ABg5-Uy08X_Ke6hjBZDLJJ41CkxWGQHKi2W6ygSmvp5Pu4PWtQmh6n-Djypvgt-YWxTJdVdx6mBWhkZBxpgtrgP-cPttKmKY_A
2020-08-26 14:24:37,576 DEBUG [main] headers:161 - http-outgoing-0 << Expires: Wed, 26 Aug 2020 08:55:40 GMT
2020-08-26 14:24:37,577 DEBUG [main] headers:161 - http-outgoing-0 << Date: Wed, 26 Aug 2020 07:55:40 GMT
2020-08-26 14:24:37,577 DEBUG [main] headers:161 - http-outgoing-0 << Last-Modified: Thu, 28 May 2020 21:05:14 GMT
2020-08-26 14:24:37,578 DEBUG [main] headers:161 - http-outgoing-0 << ETag: "f90fc89bccbabdd8582026a34268cdaf"
2020-08-26 14:24:37,578 DEBUG [main] headers:161 - http-outgoing-0 << x-goog-generation: 1590699914269125
2020-08-26 14:24:37,579 DEBUG [main] headers:161 - http-outgoing-0 << x-goog-metageneration: 1
2020-08-26 14:24:37,580 DEBUG [main] headers:161 - http-outgoing-0 << x-goog-stored-content-encoding: identity
2020-08-26 14:24:37,581 DEBUG [main] headers:161 - http-outgoing-0 << x-goog-stored-content-length: 12
2020-08-26 14:24:37,585 DEBUG [main] headers:161 - http-outgoing-0 << Content-Type: text/plain
2020-08-26 14:24:37,585 DEBUG [main] headers:161 - http-outgoing-0 << x-goog-hash: crc32c=BKzR+w==
2020-08-26 14:24:37,586 DEBUG [main] headers:161 - http-outgoing-0 << x-goog-hash: md5=+Q/Im8y6vdhYICajQmjNrw==
2020-08-26 14:24:37,589 DEBUG [main] headers:161 - http-outgoing-0 << x-goog-storage-class: STANDARD
2020-08-26 14:24:37,590 DEBUG [main] headers:161 - http-outgoing-0 << Accept-Ranges: bytes
2020-08-26 14:24:37,591 DEBUG [main] headers:161 - http-outgoing-0 << Content-Length: 12
2020-08-26 14:24:37,593 DEBUG [main] headers:161 - http-outgoing-0 << Server: UploadServer
2020-08-26 14:24:37,594 DEBUG [main] headers:161 - http-outgoing-0 << Cache-Control: public, max-age=3600
2020-08-26 14:24:37,597 DEBUG [main] headers:161 - http-outgoing-0 << Age: 3537
2020-08-26 14:24:37,599 DEBUG [main] headers:161 - http-outgoing-0 << Alt-Svc: h3-29=":443"; ma=2592000,h3-27=":443"; ma=2592000,h3-T050=":443"; ma=2592000,h3-Q050=":443"; ma=2592000,h3-Q046=":443"; ma=2592000,h3-Q043=":443"; ma=2592000,quic=":443"; ma=2592000; v="46,43"
2020-08-26 14:24:37,618 DEBUG [main] MainClientExec:126 - ex-00000001: connection can be kept alive for 3 MINUTES
2020-08-26 14:24:37,627 DEBUG [main] InternalHttpClient:260 - ep-00000000: releasing valid endpoint
2020-08-26 14:24:37,627 DEBUG [main] PoolingHttpClientConnectionManager:352 - ep-00000000: releasing endpoint
2020-08-26 14:24:37,628 DEBUG [main] PoolingHttpClientConnectionManager:371 - ep-00000000: connection http-outgoing-0 can be kept alive for 3 MINUTES
2020-08-26 14:24:37,630 DEBUG [main] PoolingHttpClientConnectionManager:385 - ep-00000000: connection released [route: {s}->https://chromedriver.storage.googleapis.com:443][total available: 1; route allocated: 1 of 5; total allocated: 1 of 25]
2020-08-26 14:24:37,631 DEBUG [main] VersionDetector:163 - Latest version of chromedriver according to https://chromedriver.storage.googleapis.com/LATEST_RELEASE_84 is 84.0.4147.30
2020-08-26 14:24:37,632  INFO [main] WebDriverManager:587 - Using chromedriver 84.0.4147.30 (resolved driver for Chrome 84)
2020-08-26 14:24:37,644 DEBUG [main] ResolutionCache:126 - Storing resolution chrome=84 in cache (valid until 15:24:37 26/08/2020 IST)
2020-08-26 14:24:37,649 DEBUG [main] ResolutionCache:126 - Storing resolution chrome84=84.0.4147.30 in cache (valid until 14:24:37 27/08/2020 IST)
2020-08-26 14:24:37,683 DEBUG [main] WebDriverManager:544 - Driver chromedriver 84.0.4147.30 found in cache
2020-08-26 14:24:37,685  INFO [main] WebDriverManager:639 - Exporting webdriver.chrome.driver as C:\Users\manis\.cache\selenium\chromedriver\win32\84.0.4147.30\chromedriver.exe
2020-08-26 14:24:46,593  INFO [main] Cucumber Project:34 - Application launched
2020-08-26 14:24:46,598  INFO [main] Cucumber Project:39 - Email textbox cleared and entered
2020-08-26 14:41:41,421 DEBUG [main] ResolutionCache:187 - Resolution chrome=84 in cache (valid until 15:24:37 26/08/2020 IST)
2020-08-26 14:41:41,430 DEBUG [main] ResolutionCache:187 - Resolution chrome84=84.0.4147.30 in cache (valid until 14:24:37 27/08/2020 IST)
2020-08-26 14:41:41,432  INFO [main] WebDriverManager:587 - Using chromedriver 84.0.4147.30 (resolved driver for Chrome 84)
2020-08-26 14:41:41,515 DEBUG [main] WebDriverManager:544 - Driver chromedriver 84.0.4147.30 found in cache
2020-08-26 14:41:41,528  INFO [main] WebDriverManager:639 - Exporting webdriver.chrome.driver as C:\Users\manis\.cache\selenium\chromedriver\win32\84.0.4147.30\chromedriver.exe
2020-08-26 14:41:49,897  INFO [main] Cucumber Project:34 - Application launched
2020-08-26 14:41:49,908  INFO [main] Cucumber Project:39 - Email textbox cleared and entered
2020-08-26 14:50:40,419 DEBUG [main] ResolutionCache:187 - Resolution chrome=84 in cache (valid until 15:24:37 26/08/2020 IST)
2020-08-26 14:50:40,429 DEBUG [main] ResolutionCache:187 - Resolution chrome84=84.0.4147.30 in cache (valid until 14:24:37 27/08/2020 IST)
2020-08-26 14:50:40,431  INFO [main] WebDriverManager:587 - Using chromedriver 84.0.4147.30 (resolved driver for Chrome 84)
2020-08-26 14:50:40,477 DEBUG [main] WebDriverManager:544 - Driver chromedriver 84.0.4147.30 found in cache
2020-08-26 14:50:40,480  INFO [main] WebDriverManager:639 - Exporting webdriver.chrome.driver as C:\Users\manis\.cache\selenium\chromedriver\win32\84.0.4147.30\chromedriver.exe
2020-08-26 14:50:48,779  INFO [main] Cucumber Project:34 - Application launched
2020-08-26 14:50:48,790  INFO [main] Cucumber Project:39 - Email textbox cleared and entered
2020-08-26 14:58:07,517 DEBUG [main] ResolutionCache:187 - Resolution chrome=84 in cache (valid until 15:24:37 26/08/2020 IST)
2020-08-26 14:58:07,525 DEBUG [main] ResolutionCache:187 - Resolution chrome84=84.0.4147.30 in cache (valid until 14:24:37 27/08/2020 IST)
2020-08-26 14:58:07,528  INFO [main] WebDriverManager:587 - Using chromedriver 84.0.4147.30 (resolved driver for Chrome 84)
2020-08-26 14:58:07,597 DEBUG [main] WebDriverManager:544 - Driver chromedriver 84.0.4147.30 found in cache
2020-08-26 14:58:07,603  INFO [main] WebDriverManager:639 - Exporting webdriver.chrome.driver as C:\Users\manis\.cache\selenium\chromedriver\win32\84.0.4147.30\chromedriver.exe
2020-08-26 14:58:15,452  INFO [main] Cucumber Project:34 - Application launched
2020-08-26 14:58:15,456  INFO [main] Cucumber Project:39 - Email textbox cleared and entered
2020-08-26 14:59:39,444 DEBUG [main] ResolutionCache:187 - Resolution chrome=84 in cache (valid until 15:24:37 26/08/2020 IST)
2020-08-26 14:59:39,484 DEBUG [main] ResolutionCache:187 - Resolution chrome84=84.0.4147.30 in cache (valid until 14:24:37 27/08/2020 IST)
2020-08-26 14:59:39,486  INFO [main] WebDriverManager:587 - Using chromedriver 84.0.4147.30 (resolved driver for Chrome 84)
2020-08-26 14:59:39,538 DEBUG [main] WebDriverManager:544 - Driver chromedriver 84.0.4147.30 found in cache
2020-08-26 14:59:39,543  INFO [main] WebDriverManager:639 - Exporting webdriver.chrome.driver as C:\Users\manis\.cache\selenium\chromedriver\win32\84.0.4147.30\chromedriver.exe
2020-08-26 14:59:49,385  INFO [main] Cucumber Project:34 - Application launched
2020-08-26 14:59:49,391  INFO [main] Cucumber Project:39 - Email textbox cleared and entered
2020-08-26 15:53:58,056 DEBUG [main] ResolutionCache:162 - Removing resolution chrome=84 from cache (expired on Wed Aug 26 15:24:37 IST 2020)
2020-08-26 15:53:58,072 DEBUG [main] Shell:54 - Running command on the shell: [wmic.exe, datafile, where, name='C:\\Program Files (x86)\\Google\\Chrome\\Application\\chrome.exe', get, Version, /value]
2020-08-26 15:53:58,416 DEBUG [main] Shell:56 - Result: Version=84.0.4147.135
2020-08-26 15:53:58,431 DEBUG [main] ResolutionCache:187 - Resolution chrome84=84.0.4147.30 in cache (valid until 14:24:37 27/08/2020 IST)
2020-08-26 15:53:58,431  INFO [main] WebDriverManager:587 - Using chromedriver 84.0.4147.30 (resolved driver for Chrome 84)
2020-08-26 15:53:58,431 DEBUG [main] ResolutionCache:126 - Storing resolution chrome=84 in cache (valid until 16:53:58 26/08/2020 IST)
2020-08-26 15:53:58,478 DEBUG [main] WebDriverManager:544 - Driver chromedriver 84.0.4147.30 found in cache
2020-08-26 15:53:58,478  INFO [main] WebDriverManager:639 - Exporting webdriver.chrome.driver as C:\Users\manis\.cache\selenium\chromedriver\win32\84.0.4147.30\chromedriver.exe
2020-08-26 15:54:06,375  INFO [main] Cucumber Project:34 - Application launched
2020-08-26 15:54:06,381  INFO [main] Cucumber Project:39 - Email textbox cleared and entered
2020-08-26 15:55:19,238 DEBUG [main] ResolutionCache:187 - Resolution chrome=84 in cache (valid until 16:53:58 26/08/2020 IST)
2020-08-26 15:55:19,254 DEBUG [main] ResolutionCache:187 - Resolution chrome84=84.0.4147.30 in cache (valid until 14:24:37 27/08/2020 IST)
2020-08-26 15:55:19,254  INFO [main] WebDriverManager:587 - Using chromedriver 84.0.4147.30 (resolved driver for Chrome 84)
2020-08-26 15:55:19,285 DEBUG [main] WebDriverManager:544 - Driver chromedriver 84.0.4147.30 found in cache
2020-08-26 15:55:19,300  INFO [main] WebDriverManager:639 - Exporting webdriver.chrome.driver as C:\Users\manis\.cache\selenium\chromedriver\win32\84.0.4147.30\chromedriver.exe
2020-08-26 15:55:27,552  INFO [main] Cucumber Project:34 - Application launched
2020-08-26 15:55:27,575  INFO [main] Cucumber Project:39 - Email textbox cleared and entered
2020-08-26 15:56:43,707 DEBUG [main] ResolutionCache:187 - Resolution chrome=84 in cache (valid until 16:53:58 26/08/2020 IST)
2020-08-26 15:56:43,707 DEBUG [main] ResolutionCache:187 - Resolution chrome84=84.0.4147.30 in cache (valid until 14:24:37 27/08/2020 IST)
2020-08-26 15:56:43,723  INFO [main] WebDriverManager:587 - Using chromedriver 84.0.4147.30 (resolved driver for Chrome 84)
2020-08-26 15:56:43,769 DEBUG [main] WebDriverManager:544 - Driver chromedriver 84.0.4147.30 found in cache
2020-08-26 15:56:43,769  INFO [main] WebDriverManager:639 - Exporting webdriver.chrome.driver as C:\Users\manis\.cache\selenium\chromedriver\win32\84.0.4147.30\chromedriver.exe
2020-08-26 15:56:52,277  INFO [main] Cucumber Project:34 - Application launched
2020-08-26 15:56:52,283  INFO [main] Cucumber Project:39 - Email textbox cleared and entered
2020-08-27 14:50:48,635 DEBUG [main] ResolutionCache:162 - Removing resolution chrome=84 from cache (expired on Wed Aug 26 16:53:58 IST 2020)
2020-08-27 14:50:48,648 DEBUG [main] Shell:54 - Running command on the shell: [wmic.exe, datafile, where, name='C:\\Program Files (x86)\\Google\\Chrome\\Application\\chrome.exe', get, Version, /value]
2020-08-27 14:50:49,059 DEBUG [main] Shell:56 - Result: Version=84.0.4147.135
2020-08-27 14:50:49,065 DEBUG [main] ResolutionCache:162 - Removing resolution chrome84=84.0.4147.30 from cache (expired on Thu Aug 27 14:24:37 IST 2020)
2020-08-27 14:50:49,076 DEBUG [main] InternalHttpClient:172 - ex-00000001: preparing request execution
2020-08-27 14:50:49,099 DEBUG [main] RequestAddCookies:114 - Cookie spec selected: strict
2020-08-27 14:50:49,107 DEBUG [main] RequestAuthCache:76 - Auth cache not set in the context
2020-08-27 14:50:49,109 DEBUG [main] ProtocolExec:158 - ex-00000001: target auth state: UNCHALLENGED
2020-08-27 14:50:49,110 DEBUG [main] ProtocolExec:164 - ex-00000001: proxy auth state: UNCHALLENGED
2020-08-27 14:50:49,110 DEBUG [main] ConnectExec:116 - ex-00000001: acquiring connection with route {s}->https://chromedriver.storage.googleapis.com:443
2020-08-27 14:50:49,113 DEBUG [main] InternalHttpClient:101 - ex-00000001: acquiring endpoint (3 MINUTES)
2020-08-27 14:50:49,114 DEBUG [main] PoolingHttpClientConnectionManager:261 - ex-00000001: endpoint lease request (3 MINUTES) [route: {s}->https://chromedriver.storage.googleapis.com:443][total available: 0; route allocated: 0 of 5; total allocated: 0 of 25]
2020-08-27 14:50:49,123 DEBUG [main] PoolingHttpClientConnectionManager:287 - ex-00000001: endpoint leased [route: {s}->https://chromedriver.storage.googleapis.com:443][total available: 0; route allocated: 1 of 5; total allocated: 1 of 25]
2020-08-27 14:50:49,138 DEBUG [main] PoolingHttpClientConnectionManager:322 - ex-00000001: acquired ep-00000000
2020-08-27 14:50:49,138 DEBUG [main] InternalHttpClient:120 - ex-00000001: acquired endpoint ep-00000000
2020-08-27 14:50:49,138 DEBUG [main] ConnectExec:123 - ex-00000001: opening connection {s}->https://chromedriver.storage.googleapis.com:443
2020-08-27 14:50:49,149 DEBUG [main] InternalHttpClient:162 - ep-00000000: connecting endpoint (30 SECONDS)
2020-08-27 14:50:49,149 DEBUG [main] PoolingHttpClientConnectionManager:410 - ep-00000000: connecting endpoint to https://chromedriver.storage.googleapis.com:443 (30 SECONDS)
2020-08-27 14:50:49,208 DEBUG [main] DefaultHttpClientConnectionOperator:145 - http-outgoing-0: connecting to chromedriver.storage.googleapis.com/172.217.166.112:443
2020-08-27 14:50:49,208 DEBUG [main] SSLConnectionSocketFactory:214 - Connecting socket to chromedriver.storage.googleapis.com/172.217.166.112:443 with timeout 30 SECONDS
2020-08-27 14:50:49,488 DEBUG [main] SSLConnectionSocketFactory:270 - Enabled protocols: [TLSv1.3, TLSv1.2]
2020-08-27 14:50:49,488 DEBUG [main] SSLConnectionSocketFactory:271 - Enabled cipher suites:[TLS_AES_256_GCM_SHA384, TLS_AES_128_GCM_SHA256, TLS_CHACHA20_POLY1305_SHA256, TLS_ECDHE_ECDSA_WITH_AES_256_GCM_SHA384, TLS_ECDHE_ECDSA_WITH_AES_128_GCM_SHA256, TLS_ECDHE_ECDSA_WITH_CHACHA20_POLY1305_SHA256, TLS_ECDHE_RSA_WITH_AES_256_GCM_SHA384, TLS_ECDHE_RSA_WITH_CHACHA20_POLY1305_SHA256, TLS_ECDHE_RSA_WITH_AES_128_GCM_SHA256, TLS_DHE_RSA_WITH_AES_256_GCM_SHA384, TLS_DHE_RSA_WITH_CHACHA20_POLY1305_SHA256, TLS_DHE_DSS_WITH_AES_256_GCM_SHA384, TLS_DHE_RSA_WITH_AES_128_GCM_SHA256, TLS_DHE_DSS_WITH_AES_128_GCM_SHA256, TLS_ECDHE_ECDSA_WITH_AES_256_CBC_SHA384, TLS_ECDHE_RSA_WITH_AES_256_CBC_SHA384, TLS_ECDHE_ECDSA_WITH_AES_128_CBC_SHA256, TLS_ECDHE_RSA_WITH_AES_128_CBC_SHA256, TLS_DHE_RSA_WITH_AES_256_CBC_SHA256, TLS_DHE_DSS_WITH_AES_256_CBC_SHA256, TLS_DHE_RSA_WITH_AES_128_CBC_SHA256, TLS_DHE_DSS_WITH_AES_128_CBC_SHA256, TLS_ECDH_ECDSA_WITH_AES_256_GCM_SHA384, TLS_ECDH_RSA_WITH_AES_256_GCM_SHA384, TLS_ECDH_ECDSA_WITH_AES_128_GCM_SHA256, TLS_ECDH_RSA_WITH_AES_128_GCM_SHA256, TLS_ECDH_ECDSA_WITH_AES_256_CBC_SHA384, TLS_ECDH_RSA_WITH_AES_256_CBC_SHA384, TLS_ECDH_ECDSA_WITH_AES_128_CBC_SHA256, TLS_ECDH_RSA_WITH_AES_128_CBC_SHA256, TLS_ECDHE_ECDSA_WITH_AES_256_CBC_SHA, TLS_ECDHE_RSA_WITH_AES_256_CBC_SHA, TLS_ECDHE_ECDSA_WITH_AES_128_CBC_SHA, TLS_ECDHE_RSA_WITH_AES_128_CBC_SHA, TLS_DHE_RSA_WITH_AES_256_CBC_SHA, TLS_DHE_DSS_WITH_AES_256_CBC_SHA, TLS_DHE_RSA_WITH_AES_128_CBC_SHA, TLS_DHE_DSS_WITH_AES_128_CBC_SHA, TLS_ECDH_ECDSA_WITH_AES_256_CBC_SHA, TLS_ECDH_RSA_WITH_AES_256_CBC_SHA, TLS_ECDH_ECDSA_WITH_AES_128_CBC_SHA, TLS_ECDH_RSA_WITH_AES_128_CBC_SHA, TLS_RSA_WITH_AES_256_GCM_SHA384, TLS_RSA_WITH_AES_128_GCM_SHA256, TLS_RSA_WITH_AES_256_CBC_SHA256, TLS_RSA_WITH_AES_128_CBC_SHA256, TLS_RSA_WITH_AES_256_CBC_SHA, TLS_RSA_WITH_AES_128_CBC_SHA, TLS_EMPTY_RENEGOTIATION_INFO_SCSV]
2020-08-27 14:50:49,488 DEBUG [main] SSLConnectionSocketFactory:275 - Starting handshake
2020-08-27 14:50:49,759 DEBUG [main] SSLConnectionSocketFactory:58 - Secure session established
2020-08-27 14:50:49,759 DEBUG [main] SSLConnectionSocketFactory:59 -  negotiated protocol: TLSv1.3
2020-08-27 14:50:49,759 DEBUG [main] SSLConnectionSocketFactory:60 -  negotiated cipher suite: TLS_AES_256_GCM_SHA384
2020-08-27 14:50:49,763 DEBUG [main] SSLConnectionSocketFactory:70 -  peer principal: CN=*.storage.googleapis.com, O=Google LLC, L=Mountain View, ST=California, C=US
2020-08-27 14:50:49,763 DEBUG [main] SSLConnectionSocketFactory:79 -  peer alternative names: [*.storage.googleapis.com, *.appspot.com.storage.googleapis.com, *.commondatastorage.googleapis.com, *.content-storage-download.googleapis.com, *.content-storage-upload.googleapis.com, *.content-storage.googleapis.com, *.googleapis.com, *.storage-download.googleapis.com, *.storage-upload.googleapis.com, commondatastorage.googleapis.com, storage.googleapis.com, unfiltered.news]
2020-08-27 14:50:49,763 DEBUG [main] SSLConnectionSocketFactory:83 -  issuer principal: CN=GTS CA 1O1, O=Google Trust Services, C=US
2020-08-27 14:50:49,767 DEBUG [main] DefaultHttpClientConnectionOperator:151 - http-outgoing-0: connection established 192.168.0.104:59155<->172.217.166.112:443
2020-08-27 14:50:49,767 DEBUG [main] PoolingHttpClientConnectionManager:421 - ep-00000000: connected http-outgoing-0
2020-08-27 14:50:49,768 DEBUG [main] InternalHttpClient:166 - ep-00000000: endpoint connected
2020-08-27 14:50:49,769 DEBUG [main] MainClientExec:102 - ex-00000001: executing GET /LATEST_RELEASE_84 HTTP/1.1
2020-08-27 14:50:49,771 DEBUG [main] InternalHttpClient:218 - ep-00000000: start execution ex-00000001
2020-08-27 14:50:49,772 DEBUG [main] PoolingHttpClientConnectionManager:598 - ep-00000000: executing exchange ex-00000001 over http-outgoing-0
2020-08-27 14:50:49,773 DEBUG [main] headers:169 - http-outgoing-0 >> GET /LATEST_RELEASE_84 HTTP/1.1
2020-08-27 14:50:49,774 DEBUG [main] headers:172 - http-outgoing-0 >> user-agent: Apache-HttpClient/5.0
2020-08-27 14:50:49,774 DEBUG [main] headers:172 - http-outgoing-0 >> accept-encoding: gzip, deflate, br
2020-08-27 14:50:49,774 DEBUG [main] headers:172 - http-outgoing-0 >> cache-control: max-age=0
2020-08-27 14:50:49,774 DEBUG [main] headers:172 - http-outgoing-0 >> Host: chromedriver.storage.googleapis.com
2020-08-27 14:50:49,775 DEBUG [main] headers:172 - http-outgoing-0 >> Connection: keep-alive
2020-08-27 14:50:49,775 DEBUG [main] wire:92 - http-outgoing-0 >> "GET /LATEST_RELEASE_84 HTTP/1.1[\r][\n]"
2020-08-27 14:50:49,776 DEBUG [main] wire:92 - http-outgoing-0 >> "user-agent: Apache-HttpClient/5.0[\r][\n]"
2020-08-27 14:50:49,776 DEBUG [main] wire:92 - http-outgoing-0 >> "accept-encoding: gzip, deflate, br[\r][\n]"
2020-08-27 14:50:49,778 DEBUG [main] wire:92 - http-outgoing-0 >> "cache-control: max-age=0[\r][\n]"
2020-08-27 14:50:49,778 DEBUG [main] wire:92 - http-outgoing-0 >> "Host: chromedriver.storage.googleapis.com[\r][\n]"
2020-08-27 14:50:49,779 DEBUG [main] wire:92 - http-outgoing-0 >> "Connection: keep-alive[\r][\n]"
2020-08-27 14:50:49,779 DEBUG [main] wire:92 - http-outgoing-0 >> "[\r][\n]"
2020-08-27 14:50:49,800 DEBUG [main] wire:92 - http-outgoing-0 << "HTTP/1.1 200 OK[\r][\n]"
2020-08-27 14:50:49,800 DEBUG [main] wire:92 - http-outgoing-0 << "X-GUploader-UploadID: ABg5-UyTuTug-FJMVDc6bqY9Xy5t47QvGSWohRqGxL-a5yJRvjMcoLYFvRk2OF1jwSrscxxF6fTR9XAm8fAoKPCnmAuB_lY4wA[\r][\n]"
2020-08-27 14:50:49,802 DEBUG [main] wire:92 - http-outgoing-0 << "Expires: Thu, 27 Aug 2020 09:42:03 GMT[\r][\n]"
2020-08-27 14:50:49,802 DEBUG [main] wire:92 - http-outgoing-0 << "Date: Thu, 27 Aug 2020 08:42:03 GMT[\r][\n]"
2020-08-27 14:50:49,803 DEBUG [main] wire:92 - http-outgoing-0 << "Last-Modified: Thu, 28 May 2020 21:05:14 GMT[\r][\n]"
2020-08-27 14:50:49,804 DEBUG [main] wire:92 - http-outgoing-0 << "ETag: "f90fc89bccbabdd8582026a34268cdaf"[\r][\n]"
2020-08-27 14:50:49,805 DEBUG [main] wire:92 - http-outgoing-0 << "x-goog-generation: 1590699914269125[\r][\n]"
2020-08-27 14:50:49,805 DEBUG [main] wire:92 - http-outgoing-0 << "x-goog-metageneration: 1[\r][\n]"
2020-08-27 14:50:49,806 DEBUG [main] wire:92 - http-outgoing-0 << "x-goog-stored-content-encoding: identity[\r][\n]"
2020-08-27 14:50:49,806 DEBUG [main] wire:92 - http-outgoing-0 << "x-goog-stored-content-length: 12[\r][\n]"
2020-08-27 14:50:49,807 DEBUG [main] wire:92 - http-outgoing-0 << "Content-Type: text/plain[\r][\n]"
2020-08-27 14:50:49,808 DEBUG [main] wire:92 - http-outgoing-0 << "x-goog-hash: crc32c=BKzR+w==[\r][\n]"
2020-08-27 14:50:49,810 DEBUG [main] wire:92 - http-outgoing-0 << "x-goog-hash: md5=+Q/Im8y6vdhYICajQmjNrw==[\r][\n]"
2020-08-27 14:50:49,811 DEBUG [main] wire:92 - http-outgoing-0 << "x-goog-storage-class: STANDARD[\r][\n]"
2020-08-27 14:50:49,812 DEBUG [main] wire:92 - http-outgoing-0 << "Accept-Ranges: bytes[\r][\n]"
2020-08-27 14:50:49,814 DEBUG [main] wire:92 - http-outgoing-0 << "Content-Length: 12[\r][\n]"
2020-08-27 14:50:49,816 DEBUG [main] wire:92 - http-outgoing-0 << "Server: UploadServer[\r][\n]"
2020-08-27 14:50:49,816 DEBUG [main] wire:92 - http-outgoing-0 << "Cache-Control: public, max-age=3600[\r][\n]"
2020-08-27 14:50:49,816 DEBUG [main] wire:92 - http-outgoing-0 << "Age: 2326[\r][\n]"
2020-08-27 14:50:49,816 DEBUG [main] wire:92 - http-outgoing-0 << "Alt-Svc: h3-29=":443"; ma=2592000,h3-27=":443"; ma=2592000,h3-T050=":443"; ma=2592000,h3-Q050=":443"; ma=2592000,h3-Q046=":443"; ma=2592000,h3-Q043=":443"; ma=2592000,quic=":443"; ma=2592000; v="46,43"[\r][\n]"
2020-08-27 14:50:49,816 DEBUG [main] wire:92 - http-outgoing-0 << "[\r][\n]"
2020-08-27 14:50:49,816 DEBUG [main] wire:106 - http-outgoing-0 << "84.0.4147.30"
2020-08-27 14:50:49,835 DEBUG [main] headers:158 - http-outgoing-0 << HTTP/1.1 200 OK
2020-08-27 14:50:49,835 DEBUG [main] headers:161 - http-outgoing-0 << X-GUploader-UploadID: ABg5-UyTuTug-FJMVDc6bqY9Xy5t47QvGSWohRqGxL-a5yJRvjMcoLYFvRk2OF1jwSrscxxF6fTR9XAm8fAoKPCnmAuB_lY4wA
2020-08-27 14:50:49,837 DEBUG [main] headers:161 - http-outgoing-0 << Expires: Thu, 27 Aug 2020 09:42:03 GMT
2020-08-27 14:50:49,837 DEBUG [main] headers:161 - http-outgoing-0 << Date: Thu, 27 Aug 2020 08:42:03 GMT
2020-08-27 14:50:49,839 DEBUG [main] headers:161 - http-outgoing-0 << Last-Modified: Thu, 28 May 2020 21:05:14 GMT
2020-08-27 14:50:49,840 DEBUG [main] headers:161 - http-outgoing-0 << ETag: "f90fc89bccbabdd8582026a34268cdaf"
2020-08-27 14:50:49,840 DEBUG [main] headers:161 - http-outgoing-0 << x-goog-generation: 1590699914269125
2020-08-27 14:50:49,842 DEBUG [main] headers:161 - http-outgoing-0 << x-goog-metageneration: 1
2020-08-27 14:50:49,842 DEBUG [main] headers:161 - http-outgoing-0 << x-goog-stored-content-encoding: identity
2020-08-27 14:50:49,842 DEBUG [main] headers:161 - http-outgoing-0 << x-goog-stored-content-length: 12
2020-08-27 14:50:49,846 DEBUG [main] headers:161 - http-outgoing-0 << Content-Type: text/plain
2020-08-27 14:50:49,847 DEBUG [main] headers:161 - http-outgoing-0 << x-goog-hash: crc32c=BKzR+w==
2020-08-27 14:50:49,847 DEBUG [main] headers:161 - http-outgoing-0 << x-goog-hash: md5=+Q/Im8y6vdhYICajQmjNrw==
2020-08-27 14:50:49,847 DEBUG [main] headers:161 - http-outgoing-0 << x-goog-storage-class: STANDARD
2020-08-27 14:50:49,852 DEBUG [main] headers:161 - http-outgoing-0 << Accept-Ranges: bytes
2020-08-27 14:50:49,852 DEBUG [main] headers:161 - http-outgoing-0 << Content-Length: 12
2020-08-27 14:50:49,852 DEBUG [main] headers:161 - http-outgoing-0 << Server: UploadServer
2020-08-27 14:50:49,858 DEBUG [main] headers:161 - http-outgoing-0 << Cache-Control: public, max-age=3600
2020-08-27 14:50:49,858 DEBUG [main] headers:161 - http-outgoing-0 << Age: 2326
2020-08-27 14:50:49,858 DEBUG [main] headers:161 - http-outgoing-0 << Alt-Svc: h3-29=":443"; ma=2592000,h3-27=":443"; ma=2592000,h3-T050=":443"; ma=2592000,h3-Q050=":443"; ma=2592000,h3-Q046=":443"; ma=2592000,h3-Q043=":443"; ma=2592000,quic=":443"; ma=2592000; v="46,43"
2020-08-27 14:50:49,876 DEBUG [main] MainClientExec:126 - ex-00000001: connection can be kept alive for 3 MINUTES
2020-08-27 14:50:49,892 DEBUG [main] InternalHttpClient:260 - ep-00000000: releasing valid endpoint
2020-08-27 14:50:49,892 DEBUG [main] PoolingHttpClientConnectionManager:352 - ep-00000000: releasing endpoint
2020-08-27 14:50:49,895 DEBUG [main] PoolingHttpClientConnectionManager:371 - ep-00000000: connection http-outgoing-0 can be kept alive for 3 MINUTES
2020-08-27 14:50:49,896 DEBUG [main] PoolingHttpClientConnectionManager:385 - ep-00000000: connection released [route: {s}->https://chromedriver.storage.googleapis.com:443][total available: 1; route allocated: 1 of 5; total allocated: 1 of 25]
2020-08-27 14:50:49,896 DEBUG [main] VersionDetector:163 - Latest version of chromedriver according to https://chromedriver.storage.googleapis.com/LATEST_RELEASE_84 is 84.0.4147.30
2020-08-27 14:50:49,898  INFO [main] WebDriverManager:587 - Using chromedriver 84.0.4147.30 (resolved driver for Chrome 84)
2020-08-27 14:50:49,899 DEBUG [main] ResolutionCache:126 - Storing resolution chrome=84 in cache (valid until 15:50:49 27/08/2020 IST)
2020-08-27 14:50:49,905 DEBUG [main] ResolutionCache:126 - Storing resolution chrome84=84.0.4147.30 in cache (valid until 14:50:49 28/08/2020 IST)
2020-08-27 14:50:49,934 DEBUG [main] WebDriverManager:544 - Driver chromedriver 84.0.4147.30 found in cache
2020-08-27 14:50:49,935  INFO [main] WebDriverManager:639 - Exporting webdriver.chrome.driver as C:\Users\manis\.cache\selenium\chromedriver\win32\84.0.4147.30\chromedriver.exe
2020-08-27 14:50:59,573  INFO [main] Cucumber Project:34 - Application launched
2020-08-27 14:50:59,576  INFO [main] Cucumber Project:39 - Email textbox cleared and entered
2020-08-27 14:58:22,831 DEBUG [main] ResolutionCache:187 - Resolution chrome=84 in cache (valid until 15:50:49 27/08/2020 IST)
2020-08-27 14:58:22,838 DEBUG [main] ResolutionCache:187 - Resolution chrome84=84.0.4147.30 in cache (valid until 14:50:49 28/08/2020 IST)
2020-08-27 14:58:22,839  INFO [main] WebDriverManager:587 - Using chromedriver 84.0.4147.30 (resolved driver for Chrome 84)
2020-08-27 14:58:22,875 DEBUG [main] WebDriverManager:544 - Driver chromedriver 84.0.4147.30 found in cache
2020-08-27 14:58:22,877  INFO [main] WebDriverManager:639 - Exporting webdriver.chrome.driver as C:\Users\manis\.cache\selenium\chromedriver\win32\84.0.4147.30\chromedriver.exe
2020-08-27 14:58:31,253  INFO [main] Cucumber Project:34 - Application launched
2020-08-27 14:58:31,257  INFO [main] Cucumber Project:39 - Email textbox cleared and entered
2020-08-27 15:05:12,861 DEBUG [main] ResolutionCache:187 - Resolution chrome=84 in cache (valid until 15:50:49 27/08/2020 IST)
2020-08-27 15:05:12,873 DEBUG [main] ResolutionCache:187 - Resolution chrome84=84.0.4147.30 in cache (valid until 14:50:49 28/08/2020 IST)
2020-08-27 15:05:12,875  INFO [main] WebDriverManager:587 - Using chromedriver 84.0.4147.30 (resolved driver for Chrome 84)
2020-08-27 15:05:12,914 DEBUG [main] WebDriverManager:544 - Driver chromedriver 84.0.4147.30 found in cache
2020-08-27 15:05:12,926  INFO [main] WebDriverManager:639 - Exporting webdriver.chrome.driver as C:\Users\manis\.cache\selenium\chromedriver\win32\84.0.4147.30\chromedriver.exe
2020-08-27 15:05:21,545  INFO [main] Cucumber Project:34 - Application launched
2020-08-27 15:05:21,549  INFO [main] Cucumber Project:39 - Email textbox cleared and entered
2020-08-27 15:49:10,907 DEBUG [main] ResolutionCache:187 - Resolution chrome=84 in cache (valid until 15:50:49 27/08/2020 IST)
2020-08-27 15:49:10,936 DEBUG [main] ResolutionCache:187 - Resolution chrome84=84.0.4147.30 in cache (valid until 14:50:49 28/08/2020 IST)
2020-08-27 15:49:10,941  INFO [main] WebDriverManager:587 - Using chromedriver 84.0.4147.30 (resolved driver for Chrome 84)
2020-08-27 15:49:10,982 DEBUG [main] WebDriverManager:544 - Driver chromedriver 84.0.4147.30 found in cache
2020-08-27 15:49:10,982  INFO [main] WebDriverManager:639 - Exporting webdriver.chrome.driver as C:\Users\manis\.cache\selenium\chromedriver\win32\84.0.4147.30\chromedriver.exe
2020-08-27 15:49:19,819  INFO [main] Cucumber Project:34 - Application launched
2020-08-27 15:49:19,835  INFO [main] Cucumber Project:39 - Email textbox cleared and entered
2020-08-27 15:58:49,534 DEBUG [main] ResolutionCache:162 - Removing resolution chrome=84 from cache (expired on Thu Aug 27 15:50:49 IST 2020)
2020-08-27 15:58:49,549 DEBUG [main] Shell:54 - Running command on the shell: [wmic.exe, datafile, where, name='C:\\Program Files (x86)\\Google\\Chrome\\Application\\chrome.exe', get, Version, /value]
2020-08-27 15:58:50,006 DEBUG [main] Shell:56 - Result: Version=84.0.4147.135
2020-08-27 15:58:50,010 DEBUG [main] ResolutionCache:187 - Resolution chrome84=84.0.4147.30 in cache (valid until 14:50:49 28/08/2020 IST)
2020-08-27 15:58:50,011  INFO [main] WebDriverManager:587 - Using chromedriver 84.0.4147.30 (resolved driver for Chrome 84)
2020-08-27 15:58:50,016 DEBUG [main] ResolutionCache:126 - Storing resolution chrome=84 in cache (valid until 16:58:50 27/08/2020 IST)
2020-08-27 15:58:50,038 DEBUG [main] WebDriverManager:544 - Driver chromedriver 84.0.4147.30 found in cache
2020-08-27 15:58:50,039  INFO [main] WebDriverManager:639 - Exporting webdriver.chrome.driver as C:\Users\manis\.cache\selenium\chromedriver\win32\84.0.4147.30\chromedriver.exe
2020-08-27 15:58:58,601  INFO [main] Cucumber Project:34 - Application launched
2020-08-27 15:58:58,623  INFO [main] Cucumber Project:39 - Email textbox cleared and entered
2020-08-27 16:52:29,742 DEBUG [main] ResolutionCache:187 - Resolution chrome=84 in cache (valid until 16:58:50 27/08/2020 IST)
2020-08-27 16:52:29,750 DEBUG [main] ResolutionCache:187 - Resolution chrome84=84.0.4147.30 in cache (valid until 14:50:49 28/08/2020 IST)
2020-08-27 16:52:29,752  INFO [main] WebDriverManager:587 - Using chromedriver 84.0.4147.30 (resolved driver for Chrome 84)
2020-08-27 16:52:29,780 DEBUG [main] WebDriverManager:544 - Driver chromedriver 84.0.4147.30 found in cache
2020-08-27 16:52:29,783  INFO [main] WebDriverManager:639 - Exporting webdriver.chrome.driver as C:\Users\manis\.cache\selenium\chromedriver\win32\84.0.4147.30\chromedriver.exe
2020-08-27 16:52:38,767  INFO [main] Cucumber Project:34 - Application launched
2020-08-27 16:52:38,775  INFO [main] Cucumber Project:39 - Email textbox cleared and entered
